<?xml version="1.0" encoding="UTF-8" standalone="no"?>
<!DOCTYPE log SYSTEM "logger.dtd">
<log>
<record>
  <date>2017-08-09T14:24:34.163-0300</date>
  <logger>PEDRO GUEDES BRAGA</logger>
  <level>FINE</level>
  <message>File 115210544-PEDRO GUEDES BRAGA.zip was received. It was sent by PEDRO GUEDES BRAGA from IP 192.168.15.3</message>
</record>
</log>
<?xml version="1.0" encoding="UTF-8" standalone="no"?>
<!DOCTYPE log SYSTEM "logger.dtd">
<log>
<record>
  <date>2017-08-09T21:14:22.238-0300</date>
  <logger>PEDRO GUEDES BRAGA</logger>
  <level>FINE</level>
  <message>File 115210544-PEDRO GUEDES BRAGA.zip was received. It was sent by PEDRO GUEDES BRAGA from IP 192.168.15.3</message>
</record>
</log>
<?xml version="1.0" encoding="UTF-8" standalone="no"?>
<!DOCTYPE log SYSTEM "logger.dtd">
<log>
<record>
  <date>2017-08-09T22:09:59.005-0300</date>
  <logger>PEDRO GUEDES BRAGA</logger>
  <level>FINE</level>
  <message>File 115210544-PEDRO GUEDES BRAGA.zip was received. It was sent by PEDRO GUEDES BRAGA from IP 192.168.15.3</message>
</record>
</log>
<?xml version="1.0" encoding="UTF-8" standalone="no"?>
<!DOCTYPE log SYSTEM "logger.dtd">
<log>
<record>
  <date>2017-08-09T22:11:52.435-0300</date>
  <logger>PEDRO GUEDES BRAGA</logger>
  <level>FINE</level>
  <message>File 115210544-PEDRO GUEDES BRAGA.zip was received. It was sent by PEDRO GUEDES BRAGA from IP 192.168.15.3</message>
</record>
</log>
<?xml version="1.0" encoding="UTF-8" standalone="no"?>
<!DOCTYPE log SYSTEM "logger.dtd">
<log>
<record>
  <date>2017-08-09T23:53:50.263-0300</date>
  <logger>PEDRO GUEDES BRAGA</logger>
  <level>FINE</level>
  <message>File 115210544-PEDRO GUEDES BRAGA.zip was received. It was sent by PEDRO GUEDES BRAGA from IP 192.168.15.3</message>
</record>
