<?xml version="1.0" encoding="UTF-8" standalone="no"?>
<!DOCTYPE log SYSTEM "logger.dtd">
<log>
<record>
  <date>2017-05-31T14:06:14.175-0300</date>
  <logger>PEDRO GUEDES BRAGA</logger>
  <level>FINE</level>
  <message>File 115210544-PEDRO GUEDES BRAGA.zip was received. It was sent by PEDRO GUEDES BRAGA from IP 192.168.15.3</message>
</record>
</log>
<?xml version="1.0" encoding="UTF-8" standalone="no"?>
<!DOCTYPE log SYSTEM "logger.dtd">
<log>
<record>
  <date>2017-05-31T18:18:45.693-0300</date>
  <logger>PEDRO GUEDES BRAGA</logger>
  <level>FINE</level>
  <message>File 115210544-PEDRO GUEDES BRAGA.zip was received. It was sent by PEDRO GUEDES BRAGA from IP 192.168.15.3</message>
</record>
</log>
<?xml version="1.0" encoding="UTF-8" standalone="no"?>
<!DOCTYPE log SYSTEM "logger.dtd">
<log>
<record>
  <date>2017-05-31T18:20:46.070-0300</date>
  <logger>PEDRO GUEDES BRAGA</logger>
  <level>FINE</level>
  <message>File 115210544-PEDRO GUEDES BRAGA.zip was received. It was sent by PEDRO GUEDES BRAGA from IP 192.168.15.3</message>
</record>
</log>
<?xml version="1.0" encoding="UTF-8" standalone="no"?>
<!DOCTYPE log SYSTEM "logger.dtd">
<log>
<record>
  <date>2017-05-31T18:21:47.398-0300</date>
  <logger>PEDRO GUEDES BRAGA</logger>
  <level>FINE</level>
  <message>File 115210544-PEDRO GUEDES BRAGA.zip was received. It was sent by PEDRO GUEDES BRAGA from IP 192.168.15.3</message>
</record>
