<?xml version="1.0" encoding="UTF-8" standalone="no"?>
<!DOCTYPE log SYSTEM "logger.dtd">
<log>
<record>
  <date>2017-07-19T15:19:33.547-0300</date>
  <logger>PEDRO GUEDES BRAGA</logger>
  <level>FINE</level>
  <message>File 115210544-PEDRO GUEDES BRAGA.zip was received. It was sent by PEDRO GUEDES BRAGA from IP 192.168.15.3</message>
</record>
</log>
<?xml version="1.0" encoding="UTF-8" standalone="no"?>
<!DOCTYPE log SYSTEM "logger.dtd">
<log>
<record>
  <date>2017-07-19T19:28:53.264-0300</date>
  <logger>PEDRO GUEDES BRAGA</logger>
  <level>FINE</level>
  <message>File 115210544-PEDRO GUEDES BRAGA.zip was received. It was sent by PEDRO GUEDES BRAGA from IP 192.168.15.3</message>
</record>
</log>
<?xml version="1.0" encoding="UTF-8" standalone="no"?>
<!DOCTYPE log SYSTEM "logger.dtd">
<log>
<record>
  <date>2017-07-19T19:38:06.425-0300</date>
  <logger>PEDRO GUEDES BRAGA</logger>
  <level>FINE</level>
  <message>File 115210544-PEDRO GUEDES BRAGA.zip was received. It was sent by PEDRO GUEDES BRAGA from IP 192.168.15.3</message>
</record>
