<?xml version="1.0" encoding="UTF-8" standalone="no"?>
<!DOCTYPE log SYSTEM "logger.dtd">
<log>
<record>
  <date>2017-06-14T20:44:34.449-0300</date>
  <logger>PEDRO GUEDES BRAGA</logger>
  <level>FINE</level>
  <message>File 115210544-PEDRO GUEDES BRAGA.zip was received. It was sent by PEDRO GUEDES BRAGA from IP 192.168.15.3</message>
</record>
</log>
<?xml version="1.0" encoding="UTF-8" standalone="no"?>
<!DOCTYPE log SYSTEM "logger.dtd">
<log>
<record>
  <date>2017-06-15T00:17:47.617-0300</date>
  <logger>PEDRO GUEDES BRAGA</logger>
  <level>FINE</level>
  <message>File 115210544-PEDRO GUEDES BRAGA.zip was received. It was sent by PEDRO GUEDES BRAGA from IP 192.168.15.3</message>
</record>
</log>
<?xml version="1.0" encoding="UTF-8" standalone="no"?>
<!DOCTYPE log SYSTEM "logger.dtd">
<log>
<record>
  <date>2017-06-15T00:18:42.032-0300</date>
  <logger>PEDRO GUEDES BRAGA</logger>
  <level>FINE</level>
  <message>File 115210544-PEDRO GUEDES BRAGA.zip was received. It was sent by PEDRO GUEDES BRAGA from IP 192.168.15.3</message>
</record>
</log>
<?xml version="1.0" encoding="UTF-8" standalone="no"?>
<!DOCTYPE log SYSTEM "logger.dtd">
<log>
<record>
  <date>2017-06-15T00:27:35.222-0300</date>
  <logger>PEDRO GUEDES BRAGA</logger>
  <level>FINE</level>
  <message>File 115210544-PEDRO GUEDES BRAGA.zip was received. It was sent by PEDRO GUEDES BRAGA from IP 192.168.15.3</message>
</record>
