<?xml version="1.0" encoding="UTF-8" standalone="no"?>
<!DOCTYPE log SYSTEM "logger.dtd">
<log>
<record>
  <date>2017-05-24T14:08:28.659-0300</date>
  <logger>PEDRO GUEDES BRAGA</logger>
  <level>FINE</level>
  <message>File 115210544-PEDRO GUEDES BRAGA.zip was received. It was sent by PEDRO GUEDES BRAGA from IP 192.168.15.3</message>
</record>
</log>
<?xml version="1.0" encoding="UTF-8" standalone="no"?>
<!DOCTYPE log SYSTEM "logger.dtd">
<log>
<record>
  <date>2017-05-24T18:01:10.160-0300</date>
  <logger>PEDRO GUEDES BRAGA</logger>
  <level>FINE</level>
  <message>File 115210544-PEDRO GUEDES BRAGA.zip was received. It was sent by PEDRO GUEDES BRAGA from IP 192.168.15.3</message>
</record>
</log>
<?xml version="1.0" encoding="UTF-8" standalone="no"?>
<!DOCTYPE log SYSTEM "logger.dtd">
<log>
<record>
  <date>2017-05-24T18:05:39.637-0300</date>
  <logger>PEDRO GUEDES BRAGA</logger>
  <level>FINE</level>
  <message>File 115210544-PEDRO GUEDES BRAGA.zip was received. It was sent by PEDRO GUEDES BRAGA from IP 192.168.15.3</message>
</record>
</log>
<?xml version="1.0" encoding="UTF-8" standalone="no"?>
<!DOCTYPE log SYSTEM "logger.dtd">
<log>
<record>
  <date>2017-05-24T18:07:18.995-0300</date>
  <logger>PEDRO GUEDES BRAGA</logger>
  <level>FINE</level>
  <message>File 115210544-PEDRO GUEDES BRAGA.zip was received. It was sent by PEDRO GUEDES BRAGA from IP 192.168.15.3</message>
</record>
</log>
<?xml version="1.0" encoding="UTF-8" standalone="no"?>
<!DOCTYPE log SYSTEM "logger.dtd">
<log>
<record>
  <date>2017-05-24T18:08:30.383-0300</date>
  <logger>PEDRO GUEDES BRAGA</logger>
  <level>FINE</level>
  <message>File 115210544-PEDRO GUEDES BRAGA.zip was received. It was sent by PEDRO GUEDES BRAGA from IP 192.168.15.3</message>
</record>
</log>
<?xml version="1.0" encoding="UTF-8" standalone="no"?>
<!DOCTYPE log SYSTEM "logger.dtd">
<log>
<record>
  <date>2017-05-24T18:08:51.164-0300</date>
  <logger>PEDRO GUEDES BRAGA</logger>
  <level>FINE</level>
  <message>File 115210544-PEDRO GUEDES BRAGA.zip was received. It was sent by PEDRO GUEDES BRAGA from IP 192.168.15.3</message>
</record>
</log>
<?xml version="1.0" encoding="UTF-8" standalone="no"?>
<!DOCTYPE log SYSTEM "logger.dtd">
<log>
<record>
  <date>2017-05-24T18:09:25.909-0300</date>
  <logger>PEDRO GUEDES BRAGA</logger>
  <level>FINE</level>
  <message>File 115210544-PEDRO GUEDES BRAGA.zip was received. It was sent by PEDRO GUEDES BRAGA from IP 192.168.15.3</message>
</record>
</log>
<?xml version="1.0" encoding="UTF-8" standalone="no"?>
<!DOCTYPE log SYSTEM "logger.dtd">
<log>
<record>
  <date>2017-05-25T07:48:16.218-0300</date>
  <logger>PEDRO GUEDES BRAGA</logger>
  <level>FINE</level>
  <message>File 115210544-PEDRO GUEDES BRAGA.zip was received. It was sent by PEDRO GUEDES BRAGA from IP 192.168.15.3</message>
</record>
